<?xml version="1.0" encoding="UTF-8"?>
<!-- Generated by org.testng.reporters.JUnitXMLReporter -->
<testsuite ignored="0" hostname="DESKTOP-TQ83US8" failures="0" tests="6" name="validating pushpa the rise" time="75.537" errors="0" timestamp="2022-11-17T00:11:20 IST">
  <testcase classname="com.testvigrant.assessment.Validatingpushpatherise" name="launch" time="28.315"/>
  <testcase classname="com.testvigrant.assessment.Validatingpushpatherise" name="Navigate" time="32.459"/>
  <testcase classname="com.testvigrant.assessment.Validatingpushpatherise" name="Extractinimdb" time="1.703"/>
  <testcase classname="com.testvigrant.assessment.Validatingpushpatherise" name="launchagain" time="3.659"/>
  <testcase classname="com.testvigrant.assessment.Validatingpushpatherise" name="navagatetowiki" time="9.293"/>
  <testcase classname="com.testvigrant.assessment.Validatingpushpatherise" name="validation" time="0.001"/>
</testsuite> <!-- validating pushpa the rise -->
